0000              1   ;--------------------------------------------------------
0000              2   ; File Created by C51
0000              3   ; Version 1.0.0 #1170 (Feb 16 2022) (MSVC)
0000              4   ; This file was generated Wed Mar 25 12:03:21 2026
0000              5   ;--------------------------------------------------------
                  5   $name main
                  6   $optc51 --model-small
                  7   $printf_float
0000              9            R_DSEG    segment data
0000             10            R_CSEG    segment code
0000             11            R_BSEG    segment bit
0000             12            R_XSEG    segment xdata
0000             13            R_PSEG    segment xdata
0000             14            R_ISEG    segment idata
0000             15            R_OSEG    segment data overlay
0000             16            BIT_BANK  segment data overlay
0000             17            R_HOME    segment code
0000             18            R_GSINIT  segment code
0000             19            R_IXSEG   segment xdata
0000             20            R_CONST   segment code
0000             21            R_XINIT   segment code
0000             22            R_DINIT   segment code
0000             23   
0000             24   ;--------------------------------------------------------
0000             25   ; Public variables in this module
0000             26   ;--------------------------------------------------------
0000             27            public _main
0000             28            public _TIMER0_ISR
0000             29            public _TIMER0_Init
0000             30            public _waitms
0000             31            public _Timer3us
0000             32            public __c51_external_startup
0000             33            public _button_value
0000             34            public _overflow
0000             35            public _overflow_count
0000             36   ;--------------------------------------------------------
0000             37   ; Special Function Registers
0000             38   ;--------------------------------------------------------
0000             39   _ACC            DATA 0xe0
0000             40   _ADC0ASAH       DATA 0xb6
0000             41   _ADC0ASAL       DATA 0xb5
0000             42   _ADC0ASCF       DATA 0xa1
0000             43   _ADC0ASCT       DATA 0xc7
0000             44   _ADC0CF0        DATA 0xbc
0000             45   _ADC0CF1        DATA 0xb9
0000             46   _ADC0CF2        DATA 0xdf
0000             47   _ADC0CN0        DATA 0xe8
0000             48   _ADC0CN1        DATA 0xb2
0000             49   _ADC0CN2        DATA 0xb3
0000             50   _ADC0GTH        DATA 0xc4
0000             51   _ADC0GTL        DATA 0xc3
0000             52   _ADC0H          DATA 0xbe
0000             53   _ADC0L          DATA 0xbd
0000             54   _ADC0LTH        DATA 0xc6
0000             55   _ADC0LTL        DATA 0xc5
0000             56   _ADC0MX         DATA 0xbb
0000             57   _B              DATA 0xf0
0000             58   _CKCON0         DATA 0x8e
0000             59   _CKCON1         DATA 0xa6
0000             60   _CLEN0          DATA 0xc6
0000             61   _CLIE0          DATA 0xc7
0000             62   _CLIF0          DATA 0xe8
0000             63   _CLKSEL         DATA 0xa9
0000             64   _CLOUT0         DATA 0xd1
0000             65   _CLU0CF         DATA 0xb1
0000             66   _CLU0FN         DATA 0xaf
0000             67   _CLU0MX         DATA 0x84
0000             68   _CLU1CF         DATA 0xb3
0000             69   _CLU1FN         DATA 0xb2
0000             70   _CLU1MX         DATA 0x85
0000             71   _CLU2CF         DATA 0xb6
0000             72   _CLU2FN         DATA 0xb5
0000             73   _CLU2MX         DATA 0x91
0000             74   _CLU3CF         DATA 0xbf
0000             75   _CLU3FN         DATA 0xbe
0000             76   _CLU3MX         DATA 0xae
0000             77   _CMP0CN0        DATA 0x9b
0000             78   _CMP0CN1        DATA 0x99
0000             79   _CMP0MD         DATA 0x9d
0000             80   _CMP0MX         DATA 0x9f
0000             81   _CMP1CN0        DATA 0xbf
0000             82   _CMP1CN1        DATA 0xac
0000             83   _CMP1MD         DATA 0xab
0000             84   _CMP1MX         DATA 0xaa
0000             85   _CRC0CN0        DATA 0xce
0000             86   _CRC0CN1        DATA 0x86
0000             87   _CRC0CNT        DATA 0xd3
0000             88   _CRC0DAT        DATA 0xcb
0000             89   _CRC0FLIP       DATA 0xcf
0000             90   _CRC0IN         DATA 0xca
0000             91   _CRC0ST         DATA 0xd2
0000             92   _DAC0CF0        DATA 0x91
0000             93   _DAC0CF1        DATA 0x92
0000             94   _DAC0H          DATA 0x85
0000             95   _DAC0L          DATA 0x84
0000             96   _DAC1CF0        DATA 0x93
0000             97   _DAC1CF1        DATA 0x94
0000             98   _DAC1H          DATA 0x8a
0000             99   _DAC1L          DATA 0x89
0000            100   _DAC2CF0        DATA 0x95
0000            101   _DAC2CF1        DATA 0x96
0000            102   _DAC2H          DATA 0x8c
0000            103   _DAC2L          DATA 0x8b
0000            104   _DAC3CF0        DATA 0x9a
0000            105   _DAC3CF1        DATA 0x9c
0000            106   _DAC3H          DATA 0x8e
0000            107   _DAC3L          DATA 0x8d
0000            108   _DACGCF0        DATA 0x88
0000            109   _DACGCF1        DATA 0x98
0000            110   _DACGCF2        DATA 0xa2
0000            111   _DERIVID        DATA 0xad
0000            112   _DEVICEID       DATA 0xb5
0000            113   _DPH            DATA 0x83
0000            114   _DPL            DATA 0x82
0000            115   _EIE1           DATA 0xe6
0000            116   _EIE2           DATA 0xf3
0000            117   _EIP1           DATA 0xbb
0000            118   _EIP1H          DATA 0xee
0000            119   _EIP2           DATA 0xed
0000            120   _EIP2H          DATA 0xf6
0000            121   _EMI0CN         DATA 0xe7
0000            122   _FLKEY          DATA 0xb7
0000            123   _HFO0CAL        DATA 0xc7
0000            124   _HFO1CAL        DATA 0xd6
0000            125   _HFOCN          DATA 0xef
0000            126   _I2C0ADM        DATA 0xff
0000            127   _I2C0CN0        DATA 0xba
0000            128   _I2C0DIN        DATA 0xbc
0000            129   _I2C0DOUT       DATA 0xbb
0000            130   _I2C0FCN0       DATA 0xad
0000            131   _I2C0FCN1       DATA 0xab
0000            132   _I2C0FCT        DATA 0xf5
0000            133   _I2C0SLAD       DATA 0xbd
0000            134   _I2C0STAT       DATA 0xb9
0000            135   _IE             DATA 0xa8
0000            136   _IP             DATA 0xb8
0000            137   _IPH            DATA 0xf2
0000            138   _IT01CF         DATA 0xe4
0000            139   _LFO0CN         DATA 0xb1
0000            140   _P0             DATA 0x80
0000            141   _P0MASK         DATA 0xfe
0000            142   _P0MAT          DATA 0xfd
0000            143   _P0MDIN         DATA 0xf1
0000            144   _P0MDOUT        DATA 0xa4
0000            145   _P0SKIP         DATA 0xd4
0000            146   _P1             DATA 0x90
0000            147   _P1MASK         DATA 0xee
0000            148   _P1MAT          DATA 0xed
0000            149   _P1MDIN         DATA 0xf2
0000            150   _P1MDOUT        DATA 0xa5
0000            151   _P1SKIP         DATA 0xd5
0000            152   _P2             DATA 0xa0
0000            153   _P2MASK         DATA 0xfc
0000            154   _P2MAT          DATA 0xfb
0000            155   _P2MDIN         DATA 0xf3
0000            156   _P2MDOUT        DATA 0xa6
0000            157   _P2SKIP         DATA 0xcc
0000            158   _P3             DATA 0xb0
0000            159   _P3MDIN         DATA 0xf4
0000            160   _P3MDOUT        DATA 0x9c
0000            161   _PCA0CENT       DATA 0x9e
0000            162   _PCA0CLR        DATA 0x9c
0000            163   _PCA0CN0        DATA 0xd8
0000            164   _PCA0CPH0       DATA 0xfc
0000            165   _PCA0CPH1       DATA 0xea
0000            166   _PCA0CPH2       DATA 0xec
0000            167   _PCA0CPH3       DATA 0xf5
0000            168   _PCA0CPH4       DATA 0x85
0000            169   _PCA0CPH5       DATA 0xde
0000            170   _PCA0CPL0       DATA 0xfb
0000            171   _PCA0CPL1       DATA 0xe9
0000            172   _PCA0CPL2       DATA 0xeb
0000            173   _PCA0CPL3       DATA 0xf4
0000            174   _PCA0CPL4       DATA 0x84
0000            175   _PCA0CPL5       DATA 0xdd
0000            176   _PCA0CPM0       DATA 0xda
0000            177   _PCA0CPM1       DATA 0xdb
0000            178   _PCA0CPM2       DATA 0xdc
0000            179   _PCA0CPM3       DATA 0xae
0000            180   _PCA0CPM4       DATA 0xaf
0000            181   _PCA0CPM5       DATA 0xcc
0000            182   _PCA0H          DATA 0xfa
0000            183   _PCA0L          DATA 0xf9
0000            184   _PCA0MD         DATA 0xd9
0000            185   _PCA0POL        DATA 0x96
0000            186   _PCA0PWM        DATA 0xf7
0000            187   _PCON0          DATA 0x87
0000            188   _PCON1          DATA 0xcd
0000            189   _PFE0CN         DATA 0xc1
0000            190   _PRTDRV         DATA 0xf6
0000            191   _PSCTL          DATA 0x8f
0000            192   _PSTAT0         DATA 0xaa
0000            193   _PSW            DATA 0xd0
0000            194   _REF0CN         DATA 0xd1
0000            195   _REG0CN         DATA 0xc9
0000            196   _REVID          DATA 0xb6
0000            197   _RSTSRC         DATA 0xef
0000            198   _SBCON1         DATA 0x94
0000            199   _SBRLH1         DATA 0x96
0000            200   _SBRLL1         DATA 0x95
0000            201   _SBUF           DATA 0x99
0000            202   _SBUF0          DATA 0x99
0000            203   _SBUF1          DATA 0x92
0000            204   _SCON           DATA 0x98
0000            205   _SCON0          DATA 0x98
0000            206   _SCON1          DATA 0xc8
0000            207   _SFRPAGE        DATA 0xa7
0000            208   _SFRPGCN        DATA 0xbc
0000            209   _SFRSTACK       DATA 0xd7
0000            210   _SMB0ADM        DATA 0xd6
0000            211   _SMB0ADR        DATA 0xd7
0000            212   _SMB0CF         DATA 0xc1
0000            213   _SMB0CN0        DATA 0xc0
0000            214   _SMB0DAT        DATA 0xc2
0000            215   _SMB0FCN0       DATA 0xc3
0000            216   _SMB0FCN1       DATA 0xc4
0000            217   _SMB0FCT        DATA 0xef
0000            218   _SMB0RXLN       DATA 0xc5
0000            219   _SMB0TC         DATA 0xac
0000            220   _SMOD1          DATA 0x93
0000            221   _SP             DATA 0x81
0000            222   _SPI0CFG        DATA 0xa1
0000            223   _SPI0CKR        DATA 0xa2
0000            224   _SPI0CN0        DATA 0xf8
0000            225   _SPI0DAT        DATA 0xa3
0000            226   _SPI0FCN0       DATA 0x9a
0000            227   _SPI0FCN1       DATA 0x9b
0000            228   _SPI0FCT        DATA 0xf7
0000            229   _SPI0PCF        DATA 0xdf
0000            230   _TCON           DATA 0x88
0000            231   _TH0            DATA 0x8c
0000            232   _TH1            DATA 0x8d
0000            233   _TL0            DATA 0x8a
0000            234   _TL1            DATA 0x8b
0000            235   _TMOD           DATA 0x89
0000            236   _TMR2CN0        DATA 0xc8
0000            237   _TMR2CN1        DATA 0xfd
0000            238   _TMR2H          DATA 0xcf
0000            239   _TMR2L          DATA 0xce
0000            240   _TMR2RLH        DATA 0xcb
0000            241   _TMR2RLL        DATA 0xca
0000            242   _TMR3CN0        DATA 0x91
0000            243   _TMR3CN1        DATA 0xfe
0000            244   _TMR3H          DATA 0x95
0000            245   _TMR3L          DATA 0x94
0000            246   _TMR3RLH        DATA 0x93
0000            247   _TMR3RLL        DATA 0x92
0000            248   _TMR4CN0        DATA 0x98
0000            249   _TMR4CN1        DATA 0xff
0000            250   _TMR4H          DATA 0xa5
0000            251   _TMR4L          DATA 0xa4
0000            252   _TMR4RLH        DATA 0xa3
0000            253   _TMR4RLL        DATA 0xa2
0000            254   _TMR5CN0        DATA 0xc0
0000            255   _TMR5CN1        DATA 0xf1
0000            256   _TMR5H          DATA 0xd5
0000            257   _TMR5L          DATA 0xd4
0000            258   _TMR5RLH        DATA 0xd3
0000            259   _TMR5RLL        DATA 0xd2
0000            260   _UART0PCF       DATA 0xd9
0000            261   _UART1FCN0      DATA 0x9d
0000            262   _UART1FCN1      DATA 0xd8
0000            263   _UART1FCT       DATA 0xfa
0000            264   _UART1LIN       DATA 0x9e
0000            265   _UART1PCF       DATA 0xda
0000            266   _VDM0CN         DATA 0xff
0000            267   _WDTCN          DATA 0x97
0000            268   _XBR0           DATA 0xe1
0000            269   _XBR1           DATA 0xe2
0000            270   _XBR2           DATA 0xe3
0000            271   _XOSC0CN        DATA 0x86
0000            272   _DPTR           DATA 0x8382
0000            273   _TMR2RL         DATA 0xcbca
0000            274   _TMR3RL         DATA 0x9392
0000            275   _TMR4RL         DATA 0xa3a2
0000            276   _TMR5RL         DATA 0xd3d2
0000            277   _TMR0           DATA 0x8c8a
0000            278   _TMR1           DATA 0x8d8b
0000            279   _TMR2           DATA 0xcfce
0000            280   _TMR3           DATA 0x9594
0000            281   _TMR4           DATA 0xa5a4
0000            282   _TMR5           DATA 0xd5d4
0000            283   _SBRL1          DATA 0x9695
0000            284   _PCA0           DATA 0xfaf9
0000            285   _PCA0CP0        DATA 0xfcfb
0000            286   _PCA0CP1        DATA 0xeae9
0000            287   _PCA0CP2        DATA 0xeceb
0000            288   _PCA0CP3        DATA 0xf5f4
0000            289   _PCA0CP4        DATA 0x8584
0000            290   _PCA0CP5        DATA 0xdedd
0000            291   _ADC0ASA        DATA 0xb6b5
0000            292   _ADC0GT         DATA 0xc4c3
0000            293   _ADC0           DATA 0xbebd
0000            294   _ADC0LT         DATA 0xc6c5
0000            295   _DAC0           DATA 0x8584
0000            296   _DAC1           DATA 0x8a89
0000            297   _DAC2           DATA 0x8c8b
0000            298   _DAC3           DATA 0x8e8d
0000            299   ;--------------------------------------------------------
0000            300   ; special function bits
0000            301   ;--------------------------------------------------------
0000            302   _ACC_0          BIT 0xe0
0000            303   _ACC_1          BIT 0xe1
0000            304   _ACC_2          BIT 0xe2
0000            305   _ACC_3          BIT 0xe3
0000            306   _ACC_4          BIT 0xe4
0000            307   _ACC_5          BIT 0xe5
0000            308   _ACC_6          BIT 0xe6
0000            309   _ACC_7          BIT 0xe7
0000            310   _TEMPE          BIT 0xe8
0000            311   _ADGN0          BIT 0xe9
0000            312   _ADGN1          BIT 0xea
0000            313   _ADWINT         BIT 0xeb
0000            314   _ADBUSY         BIT 0xec
0000            315   _ADINT          BIT 0xed
0000            316   _IPOEN          BIT 0xee
0000            317   _ADEN           BIT 0xef
0000            318   _B_0            BIT 0xf0
0000            319   _B_1            BIT 0xf1
0000            320   _B_2            BIT 0xf2
0000            321   _B_3            BIT 0xf3
0000            322   _B_4            BIT 0xf4
0000            323   _B_5            BIT 0xf5
0000            324   _B_6            BIT 0xf6
0000            325   _B_7            BIT 0xf7
0000            326   _C0FIF          BIT 0xe8
0000            327   _C0RIF          BIT 0xe9
0000            328   _C1FIF          BIT 0xea
0000            329   _C1RIF          BIT 0xeb
0000            330   _C2FIF          BIT 0xec
0000            331   _C2RIF          BIT 0xed
0000            332   _C3FIF          BIT 0xee
0000            333   _C3RIF          BIT 0xef
0000            334   _D1SRC0         BIT 0x88
0000            335   _D1SRC1         BIT 0x89
0000            336   _D1AMEN         BIT 0x8a
0000            337   _D01REFSL       BIT 0x8b
0000            338   _D3SRC0         BIT 0x8c
0000            339   _D3SRC1         BIT 0x8d
0000            340   _D3AMEN         BIT 0x8e
0000            341   _D23REFSL       BIT 0x8f
0000            342   _D0UDIS         BIT 0x98
0000            343   _D1UDIS         BIT 0x99
0000            344   _D2UDIS         BIT 0x9a
0000            345   _D3UDIS         BIT 0x9b
0000            346   _EX0            BIT 0xa8
0000            347   _ET0            BIT 0xa9
0000            348   _EX1            BIT 0xaa
0000            349   _ET1            BIT 0xab
0000            350   _ES0            BIT 0xac
0000            351   _ET2            BIT 0xad
0000            352   _ESPI0          BIT 0xae
0000            353   _EA             BIT 0xaf
0000            354   _PX0            BIT 0xb8
0000            355   _PT0            BIT 0xb9
0000            356   _PX1            BIT 0xba
0000            357   _PT1            BIT 0xbb
0000            358   _PS0            BIT 0xbc
0000            359   _PT2            BIT 0xbd
0000            360   _PSPI0          BIT 0xbe
0000            361   _P0_0           BIT 0x80
0000            362   _P0_1           BIT 0x81
0000            363   _P0_2           BIT 0x82
0000            364   _P0_3           BIT 0x83
0000            365   _P0_4           BIT 0x84
0000            366   _P0_5           BIT 0x85
0000            367   _P0_6           BIT 0x86
0000            368   _P0_7           BIT 0x87
0000            369   _P1_0           BIT 0x90
0000            370   _P1_1           BIT 0x91
0000            371   _P1_2           BIT 0x92
0000            372   _P1_3           BIT 0x93
0000            373   _P1_4           BIT 0x94
0000            374   _P1_5           BIT 0x95
0000            375   _P1_6           BIT 0x96
0000            376   _P1_7           BIT 0x97
0000            377   _P2_0           BIT 0xa0
0000            378   _P2_1           BIT 0xa1
0000            379   _P2_2           BIT 0xa2
0000            380   _P2_3           BIT 0xa3
0000            381   _P2_4           BIT 0xa4
0000            382   _P2_5           BIT 0xa5
0000            383   _P2_6           BIT 0xa6
0000            384   _P3_0           BIT 0xb0
0000            385   _P3_1           BIT 0xb1
0000            386   _P3_2           BIT 0xb2
0000            387   _P3_3           BIT 0xb3
0000            388   _P3_4           BIT 0xb4
0000            389   _P3_7           BIT 0xb7
0000            390   _CCF0           BIT 0xd8
0000            391   _CCF1           BIT 0xd9
0000            392   _CCF2           BIT 0xda
0000            393   _CCF3           BIT 0xdb
0000            394   _CCF4           BIT 0xdc
0000            395   _CCF5           BIT 0xdd
0000            396   _CR             BIT 0xde
0000            397   _CF             BIT 0xdf
0000            398   _PARITY         BIT 0xd0
0000            399   _F1             BIT 0xd1
0000            400   _OV             BIT 0xd2
0000            401   _RS0            BIT 0xd3
0000            402   _RS1            BIT 0xd4
0000            403   _F0             BIT 0xd5
0000            404   _AC             BIT 0xd6
0000            405   _CY             BIT 0xd7
0000            406   _RI             BIT 0x98
0000            407   _TI             BIT 0x99
0000            408   _RB8            BIT 0x9a
0000            409   _TB8            BIT 0x9b
0000            410   _REN            BIT 0x9c
0000            411   _CE             BIT 0x9d
0000            412   _SMODE          BIT 0x9e
0000            413   _RI1            BIT 0xc8
0000            414   _TI1            BIT 0xc9
0000            415   _RBX1           BIT 0xca
0000            416   _TBX1           BIT 0xcb
0000            417   _REN1           BIT 0xcc
0000            418   _PERR1          BIT 0xcd
0000            419   _OVR1           BIT 0xce
0000            420   _SI             BIT 0xc0
0000            421   _ACK            BIT 0xc1
0000            422   _ARBLOST        BIT 0xc2
0000            423   _ACKRQ          BIT 0xc3
0000            424   _STO            BIT 0xc4
0000            425   _STA            BIT 0xc5
0000            426   _TXMODE         BIT 0xc6
0000            427   _MASTER         BIT 0xc7
0000            428   _SPIEN          BIT 0xf8
0000            429   _TXNF           BIT 0xf9
0000            430   _NSSMD0         BIT 0xfa
0000            431   _NSSMD1         BIT 0xfb
0000            432   _RXOVRN         BIT 0xfc
0000            433   _MODF           BIT 0xfd
0000            434   _WCOL           BIT 0xfe
0000            435   _SPIF           BIT 0xff
0000            436   _IT0            BIT 0x88
0000            437   _IE0            BIT 0x89
0000            438   _IT1            BIT 0x8a
0000            439   _IE1            BIT 0x8b
0000            440   _TR0            BIT 0x8c
0000            441   _TF0            BIT 0x8d
0000            442   _TR1            BIT 0x8e
0000            443   _TF1            BIT 0x8f
0000            444   _T2XCLK0        BIT 0xc8
0000            445   _T2XCLK1        BIT 0xc9
0000            446   _TR2            BIT 0xca
0000            447   _T2SPLIT        BIT 0xcb
0000            448   _TF2CEN         BIT 0xcc
0000            449   _TF2LEN         BIT 0xcd
0000            450   _TF2L           BIT 0xce
0000            451   _TF2H           BIT 0xcf
0000            452   _T4XCLK0        BIT 0x98
0000            453   _T4XCLK1        BIT 0x99
0000            454   _TR4            BIT 0x9a
0000            455   _T4SPLIT        BIT 0x9b
0000            456   _TF4CEN         BIT 0x9c
0000            457   _TF4LEN         BIT 0x9d
0000            458   _TF4L           BIT 0x9e
0000            459   _TF4H           BIT 0x9f
0000            460   _T5XCLK0        BIT 0xc0
0000            461   _T5XCLK1        BIT 0xc1
0000            462   _TR5            BIT 0xc2
0000            463   _T5SPLIT        BIT 0xc3
0000            464   _TF5CEN         BIT 0xc4
0000            465   _TF5LEN         BIT 0xc5
0000            466   _TF5L           BIT 0xc6
0000            467   _TF5H           BIT 0xc7
0000            468   _RIE            BIT 0xd8
0000            469   _RXTO0          BIT 0xd9
0000            470   _RXTO1          BIT 0xda
0000            471   _RFRQ           BIT 0xdb
0000            472   _TIE            BIT 0xdc
0000            473   _TXHOLD         BIT 0xdd
0000            474   _TXNF1          BIT 0xde
0000            475   _TFRQ           BIT 0xdf
0000            476   ;--------------------------------------------------------
0000            477   ; overlayable register banks
0000            478   ;--------------------------------------------------------
0000            479            rbank0 segment data overlay
0000            480   ;--------------------------------------------------------
0000            481   ; overlayable bit register bank
0000            482   ;--------------------------------------------------------
0000            483            rseg BIT_BANK
0000            484   bits:
0000            485            ds 1
0001            486            b0 equ  bits.0 
0001            487            b1 equ  bits.1 
0001            488            b2 equ  bits.2 
0001            489            b3 equ  bits.3 
0001            490            b4 equ  bits.4 
0001            491            b5 equ  bits.5 
0001            492            b6 equ  bits.6 
0001            493            b7 equ  bits.7 
0001            494   ;--------------------------------------------------------
0001            495   ; internal ram data
0001            496   ;--------------------------------------------------------
0000            497            rseg R_DSEG
0000            498   _overflow_count:
0000            499            ds 1
0001            500   _overflow:
0001            501            ds 2
0003            502   _button_value:
0003            503            ds 2
0005            504   ;--------------------------------------------------------
0005            505   ; overlayable items in internal ram 
0005            506   ;--------------------------------------------------------
0000            507            rseg    R_OSEG
0000            508   ;--------------------------------------------------------
0000            509   ; indirectly addressable internal ram data
0000            510   ;--------------------------------------------------------
0000            511            rseg R_ISEG
0000            512   ;--------------------------------------------------------
0000            513   ; absolute internal ram data
0000            514   ;--------------------------------------------------------
0000            515            DSEG
0000            516   ;--------------------------------------------------------
0000            517   ; bit data
0000            518   ;--------------------------------------------------------
0000            519            rseg R_BSEG
0000            520   ;--------------------------------------------------------
0000            521   ; paged external ram data
0000            522   ;--------------------------------------------------------
0000            523            rseg R_PSEG
0000            524   ;--------------------------------------------------------
0000            525   ; external ram data
0000            526   ;--------------------------------------------------------
0000            527            rseg R_XSEG
0000            528   ;--------------------------------------------------------
0000            529   ; absolute external ram data
0000            530   ;--------------------------------------------------------
0000            531            XSEG
0000            532   ;--------------------------------------------------------
0000            533   ; external initialized ram data
0000            534   ;--------------------------------------------------------
0000            535            rseg R_IXSEG
0000            536            rseg R_HOME
0000            537            rseg R_GSINIT
0000            538            rseg R_CSEG
0000            539   ;--------------------------------------------------------
0000            540   ; Reset entry point and interrupt vectors
0000            541   ;--------------------------------------------------------
0000            542            CSEG at 0x0000
0000 020000     543            ljmp    _crt0
000B            544            CSEG at 0x000b
000B 020000     545            ljmp    _TIMER0_ISR
000E            546   ;--------------------------------------------------------
000E            547   ; global & static initialisations
000E            548   ;--------------------------------------------------------
0000            549            rseg R_HOME
0000            550            rseg R_GSINIT
0000            551            rseg R_GSINIT
0000            552   ;--------------------------------------------------------
0000            553   ; data variables initialization
0000            554   ;--------------------------------------------------------
0000            555            rseg R_DINIT
0000            556   ;        main.c:139: int overflow = 0;
0000 E4         557            clr     a
0001 F548       558            mov     _overflow,a
0003 F549       559            mov     (_overflow + 1),a
0005            560   ;        main.c:140: int button_value = 10;
0005 75080A     561            mov     _button_value,#0x0A
0008 E4         562            clr     a
0009 F509       563            mov     (_button_value + 1),a
000B            564            ; The linker places a 'ret' at the end of segment R_DINIT.
000B            565   ;--------------------------------------------------------
000B            566   ; code
000B            567   ;--------------------------------------------------------
0000            568            rseg R_CSEG
0000            569   ;------------------------------------------------------------
0000            570   ;Allocation info for local variables in function '_c51_external_startup'
0000            571   ;------------------------------------------------------------
0000            572   ;------------------------------------------------------------
0000            573   ;        main.c:20: char _c51_external_startup (void)
0000            574   ;        -----------------------------------------
0000            575   ;         function _c51_external_startup
0000            576   ;        -----------------------------------------
0000            577   __c51_external_startup:
0000            578            using   0
0000            579   ;        main.c:23: SFRPAGE = 0x00;
0000 75A700     580            mov     _SFRPAGE,#0x00
0003            581   ;        main.c:24: WDTCN = 0xDE; //First key
0003 7597DE     582            mov     _WDTCN,#0xDE
0006            583   ;        main.c:25: WDTCN = 0xAD; //Second key
0006 7597AD     584            mov     _WDTCN,#0xAD
0009            585   ;        main.c:27: VDM0CN |= 0x80;
0009 43FF80     586            orl     _VDM0CN,#0x80
000C            587   ;        main.c:28: RSTSRC = 0x02;
000C 75EF02     588            mov     _RSTSRC,#0x02
000F            589   ;        main.c:35: SFRPAGE = 0x10;
000F 75A710     590            mov     _SFRPAGE,#0x10
0012            591   ;        main.c:36: PFE0CN  = 0x20; // SYSCLK < 75 MHz.
0012 75C120     592            mov     _PFE0CN,#0x20
0015            593   ;        main.c:37: SFRPAGE = 0x00;
0015 75A700     594            mov     _SFRPAGE,#0x00
0018            595   ;        main.c:58: CLKSEL = 0x00;
0018 75A900     596            mov     _CLKSEL,#0x00
001B            597   ;        main.c:59: CLKSEL = 0x00;
001B 75A900     598            mov     _CLKSEL,#0x00
001E            599   ;        main.c:60: while ((CLKSEL & 0x80) == 0);
001E            600   L002001?:
001E E5A9       601            mov     a,_CLKSEL
0020 30E7C8     602            jnb     acc.7,L002001?
0023            603   ;        main.c:61: CLKSEL = 0x03;
0023 75A903     604            mov     _CLKSEL,#0x03
0026            605   ;        main.c:62: CLKSEL = 0x03;
0026 75A903     606            mov     _CLKSEL,#0x03
0029            607   ;        main.c:63: while ((CLKSEL & 0x80) == 0);
0029            608   L002004?:
0029 E5A9       609            mov     a,_CLKSEL
002B 30E748     610            jnb     acc.7,L002004?
002E            611   ;        main.c:68: P0MDOUT |= 0x10; // Enable UART0 TX as push-pull output
002E 43A410     612            orl     _P0MDOUT,#0x10
0031            613   ;        main.c:69: P1MDOUT |= 0x80; // 0x80 is the bitmask for Pin 7 (1000 0000 in binary)
0031 43A580     614            orl     _P1MDOUT,#0x80
0034            615   ;        main.c:70: XBR0     = 0x01; // Enable UART0 on P0.4(TX) and P0.5(RX)                     
0034 75E101     616            mov     _XBR0,#0x01
0037            617   ;        main.c:71: XBR1     = 0X00;
0037 75E200     618            mov     _XBR1,#0x00
003A            619   ;        main.c:72: XBR2     = 0x40; // Enable crossbar and weak pull-ups
003A 75E340     620            mov     _XBR2,#0x40
003D            621   ;        main.c:78: SCON0 = 0x10;
003D 759810     622            mov     _SCON0,#0x10
0040            623   ;        main.c:79: CKCON0 |= 0b_0000_0000 ; // Timer 1 uses the system clock divided by 12.
0040 858E8E     624            mov     _CKCON0,_CKCON0
0043            625   ;        main.c:80: TH1 = 0x100-((SYSCLK/BAUDRATE)/(2L*12L));
0043 758DE6     626            mov     _TH1,#0xE6
0046            627   ;        main.c:81: TL1 = TH1;      // Init Timer1
0046 858D8B     628            mov     _TL1,_TH1
0049            629   ;        main.c:82: TMOD &= ~0xf0;  // TMOD: timer 1 in 8-bit auto-reload
0049 53890F     630            anl     _TMOD,#0x0F
004C            631   ;        main.c:83: TMOD |=  0x20;                       
004C 438920     632            orl     _TMOD,#0x20
004F            633   ;        main.c:84: TR1 = 1; // START Timer1
004F D28E       634            setb    _TR1
0051            635   ;        main.c:85: TI = 1;  // Indicate TX0 ready
0051 D299       636            setb    _TI
0053            637   ;        main.c:87: return 0;
0053 758200     638            mov     dpl,#0x00
0056 22         639            ret
0057            640   ;------------------------------------------------------------
0057            641   ;Allocation info for local variables in function 'Timer3us'
0057            642   ;------------------------------------------------------------
0057            643   ;us                        Allocated to registers r2 
0057            644   ;i                         Allocated to registers r3 
0057            645   ;------------------------------------------------------------
0057            646   ;        main.c:91: void Timer3us(unsigned char us)
0057            647   ;        -----------------------------------------
0057            648   ;         function Timer3us
0057            649   ;        -----------------------------------------
0057            650   _Timer3us:
0057 AA82       651            mov     r2,dpl
0059            652   ;        main.c:96: CKCON0|=0b_0100_0000;
0059 438E40     653            orl     _CKCON0,#0x40
005C            654   ;        main.c:98: TMR3RL = (-(SYSCLK)/1000000L); // Set Timer3 to overflow in 1us.
005C 7592B8     655            mov     _TMR3RL,#0xB8
005F 7593FF     656            mov     (_TMR3RL >> 8),#0xFF
0062            657   ;        main.c:99: TMR3 = TMR3RL;                 // Initialize Timer3 for first overflow
0062 859294     658            mov     _TMR3,_TMR3RL
0065 859395     659            mov     (_TMR3 >> 8),(_TMR3RL >> 8)
0068            660   ;        main.c:101: TMR3CN0 = 0x04;                 // Sart Timer3 and clear overflow flag
0068 759104     661            mov     _TMR3CN0,#0x04
006B            662   ;        main.c:102: for (i = 0; i < us; i++)       // Count <us> overflows
006B 7B00       663            mov     r3,#0x00
006D            664   L003004?:
006D C3         665            clr     c
006E EB         666            mov     a,r3
006F 9A         667            subb    a,r2
0070 5000       668            jnc     L003007?
0072            669   ;        main.c:104: while (!(TMR3CN0 & 0x80));  // Wait for overflow
0072            670   L003001?:
0072 E591       671            mov     a,_TMR3CN0
0074 30E748     672            jnb     acc.7,L003001?
0077            673   ;        main.c:105: TMR3CN0 &= ~(0x80);         // Clear overflow indicator
0077 53917F     674            anl     _TMR3CN0,#0x7F
007A            675   ;        main.c:102: for (i = 0; i < us; i++)       // Count <us> overflows
007A 0B         676            inc     r3
007B 8000       677            sjmp    L003004?
007D            678   L003007?:
007D            679   ;        main.c:107: TMR3CN0 = 0 ;                   // Stop Timer3 and clear overflow flag
007D 759100     680            mov     _TMR3CN0,#0x00
0080 22         681            ret
0081            682   ;------------------------------------------------------------
0081            683   ;Allocation info for local variables in function 'waitms'
0081            684   ;------------------------------------------------------------
0081            685   ;ms                        Allocated to registers r2 r3 
0081            686   ;j                         Allocated to registers r2 r3 
0081            687   ;------------------------------------------------------------
0081            688   ;        main.c:110: void waitms (unsigned int ms)
0081            689   ;        -----------------------------------------
0081            690   ;         function waitms
0081            691   ;        -----------------------------------------
0081            692   _waitms:
0081 AA82       693            mov     r2,dpl
0083 AB83       694            mov     r3,dph
0085            695   ;        main.c:113: for(j=ms; j!=0; j--)
0085            696   L004001?:
0085 BA0008     697            cjne    r2,#0x00,L004010?
0088 BB0008     698            cjne    r3,#0x00,L004010?
008B 22         699            ret
008C            700   L004010?:
008C            701   ;        main.c:115: Timer3us(249);
008C 7582F9     702            mov     dpl,#0xF9
008F C002       703            push    ar2
0091 C003       704            push    ar3
0093 120000     705            lcall   _Timer3us
0096            706   ;        main.c:116: Timer3us(249);
0096 7582F9     707            mov     dpl,#0xF9
0099 120000     708            lcall   _Timer3us
009C            709   ;        main.c:117: Timer3us(249);
009C 7582F9     710            mov     dpl,#0xF9
009F 120000     711            lcall   _Timer3us
00A2            712   ;        main.c:118: Timer3us(250);
00A2 7582FA     713            mov     dpl,#0xFA
00A5 120000     714            lcall   _Timer3us
00A8 D003       715            pop     ar3
00AA D002       716            pop     ar2
00AC            717   ;        main.c:113: for(j=ms; j!=0; j--)
00AC 1A         718            dec     r2
00AD BAFF48     719            cjne    r2,#0xff,L004011?
00B0 1B         720            dec     r3
00B1            721   L004011?:
00B1 8000       722            sjmp    L004001?
00B3            723   ;------------------------------------------------------------
00B3            724   ;Allocation info for local variables in function 'TIMER0_Init'
00B3            725   ;------------------------------------------------------------
00B3            726   ;------------------------------------------------------------
00B3            727   ;        main.c:122: void TIMER0_Init(void)
00B3            728   ;        -----------------------------------------
00B3            729   ;         function TIMER0_Init
00B3            730   ;        -----------------------------------------
00B3            731   _TIMER0_Init:
00B3            732   ;        main.c:125: SFRPAGE = 0x00;
00B3 75A700     733            mov     _SFRPAGE,#0x00
00B6            734   ;        main.c:126: CKCON0 |= 0x04; // Bit 2 sets T0 to system clock
00B6 438E04     735            orl     _CKCON0,#0x04
00B9            736   ;        main.c:128: TMOD &= 0xF0;   // Clear Timer 0 bits
00B9 5389F0     737            anl     _TMOD,#0xF0
00BC            738   ;        main.c:129: TMOD |= 0x01;   // 16-bit mode
00BC 438901     739            orl     _TMOD,#0x01
00BF            740   ;        main.c:133: TH0 = 0xFC;
00BF 758CFC     741            mov     _TH0,#0xFC
00C2            742   ;        main.c:134: TL0 = 0x4D;
00C2 758A4D     743            mov     _TL0,#0x4D
00C5            744   ;        main.c:136: ET0 = 1; // Enable Timer 0 interrupt
00C5 D2A9       745            setb    _ET0
00C7            746   ;        main.c:137: TR0 = 1; // Start Timer 0
00C7 D28C       747            setb    _TR0
00C9 22         748            ret
00CA            749   ;------------------------------------------------------------
00CA            750   ;Allocation info for local variables in function 'TIMER0_ISR'
00CA            751   ;------------------------------------------------------------
00CA            752   ;------------------------------------------------------------
00CA            753   ;        main.c:142: void TIMER0_ISR(void) interrupt 1
00CA            754   ;        -----------------------------------------
00CA            755   ;         function TIMER0_ISR
00CA            756   ;        -----------------------------------------
00CA            757   _TIMER0_ISR:
00CA C088       758            push    bits
00CC C0E0       759            push    acc
00CE C0F0       760            push    b
00D0 C082       761            push    dpl
00D2 C083       762            push    dph
00D4 C002       763            push    (0+2)
00D6 C003       764            push    (0+3)
00D8 C004       765            push    (0+4)
00DA C005       766            push    (0+5)
00DC C006       767            push    (0+6)
00DE C007       768            push    (0+7)
00E0 C000       769            push    (0+0)
00E2 C001       770            push    (0+1)
00E4 C0D0       771            push    psw
00E6 75D000     772            mov     psw,#0x00
00E9            773   ;        main.c:144: TH0 = 0xFC; 
00E9 758CFC     774            mov     _TH0,#0xFC
00EC            775   ;        main.c:145: TL0 = 0x4D;
00EC 758A4D     776            mov     _TL0,#0x4D
00EF            777   ;        main.c:146: if(overflow <= button_value*10)
00EF 850800     778            mov     __mulint_PARM_2,_button_value
00F2 850901     779            mov     (__mulint_PARM_2 + 1),(_button_value + 1)
00F5 90000A     780            mov     dptr,#0x000A
00F8 120000     781            lcall   __mulint
00FB AA82       782            mov     r2,dpl
00FD AB83       783            mov     r3,dph
00FF C3         784            clr     c
0100 EA         785            mov     a,r2
0101 9548       786            subb    a,_overflow
0103 EB         787            mov     a,r3
0104 6480       788            xrl     a,#0x80
0106 8549F0     789            mov     b,(_overflow + 1)
0109 63F080     790            xrl     b,#0x80
010C 95F0       791            subb    a,b
010E 4000       792            jc      L006002?
0110            793   ;        main.c:148: LED_SIGNAL = !LED_SIGNAL;
0110 B297       794            cpl     _P1_7
0112            795   ;        main.c:149: overflow++;
0112 0548       796            inc     _overflow
0114 E4         797            clr     a
0115 B548C8     798            cjne    a,_overflow,L006004?
0118 0549       799            inc     (_overflow + 1)
011A 8000       800            sjmp    L006004?
011C            801   L006002?:
011C            802   ;        main.c:152: LED_SIGNAL = 0;
011C C297       803            clr     _P1_7
011E            804   L006004?:
011E D0D0       805            pop     psw
0120 D001       806            pop     (0+1)
0122 D000       807            pop     (0+0)
0124 D007       808            pop     (0+7)
0126 D006       809            pop     (0+6)
0128 D005       810            pop     (0+5)
012A D004       811            pop     (0+4)
012C D003       812            pop     (0+3)
012E D002       813            pop     (0+2)
0130 D083       814            pop     dph
0132 D082       815            pop     dpl
0134 D0F0       816            pop     b
0136 D0E0       817            pop     acc
0138 D088       818            pop     bits
013A 32         819            reti
013B            820   ;------------------------------------------------------------
013B            821   ;Allocation info for local variables in function 'main'
013B            822   ;------------------------------------------------------------
013B            823   ;counterMS                 Allocated to registers r2 r3 r4 r5 
013B            824   ;------------------------------------------------------------
013B            825   ;        main.c:155: void main (void) 
013B            826   ;        -----------------------------------------
013B            827   ;         function main
013B            828   ;        -----------------------------------------
013B            829   _main:
013B            830   ;        main.c:158: TIMER0_Init();
013B 120000     831            lcall   _TIMER0_Init
013E            832   ;        main.c:161: EA = 1;
013E D2AF       833            setb    _EA
0140            834   ;        main.c:162: waitms(500);
0140 9001F4     835            mov     dptr,#0x01F4
0143 120000     836            lcall   _waitms
0146            837   ;        main.c:163: printf("\x1b[2J"); //clears screen
0146 7408       838            mov     a,#__str_0
0148 C0E0       839            push    acc
014A 74B8       840            mov     a,#(__str_0 >> 8)
014C C0E0       841            push    acc
014E 7480       842            mov     a,#0x80
0150 C0E0       843            push    acc
0152 120000     844            lcall   _printf
0155 1581       845            dec     sp
0157 1581       846            dec     sp
0159 1581       847            dec     sp
015B            848   ;        main.c:166: while (1)
015B            849   L007012?:
015B            850   ;        main.c:169: if(BUTTON == 0)
015B 20B108     851            jb      _P3_1,L007005?
015E            852   ;        main.c:171: while(BUTTON == 0){}
015E            853   L007001?:
015E 30B148     854            jnb     _P3_1,L007001?
0161            855   ;        main.c:172: button_value = 103;
0161 750867     856            mov     _button_value,#0x67
0164 E4         857            clr     a
0165 F509       858            mov     (_button_value + 1),a
0167            859   ;        main.c:173: overflow = 0;
0167 E4         860            clr     a
0168 F548       861            mov     _overflow,a
016A F549       862            mov     (_overflow + 1),a
016C            863   L007005?:
016C            864   ;        main.c:176: if(LED_SENSOR == 0)
016C 2096C8     865            jb      _P1_6,L007012?
016F            866   ;        main.c:178: counterMS = 0; 
016F 7A00       867            mov     r2,#0x00
0171 7B00       868            mov     r3,#0x00
0173 7C00       869            mov     r4,#0x00
0175 7D00       870            mov     r5,#0x00
0177            871   ;        main.c:179: while(LED_SENSOR == 0)
0177            872   L007006?:
0177 2096C8     873            jb      _P1_6,L007008?
017A            874   ;        main.c:181: counterMS++;
017A E4         875            clr     a
017B C0E0       876            push    acc
017D C0E0       877            push    acc
017F 7480       878            mov     a,#0x80
0181 C0E0       879            push    acc
0183 743F       880            mov     a,#0x3F
0185 C0E0       881            push    acc
0187 8A82       882            mov     dpl,r2
0189 8B83       883            mov     dph,r3
018B 8CF0       884            mov     b,r4
018D ED         885            mov     a,r5
018E 120000     886            lcall   ___fsadd
0191 AA82       887            mov     r2,dpl
0193 AB83       888            mov     r3,dph
0195 ACF0       889            mov     r4,b
0197 FD         890            mov     r5,a
0198 E581       891            mov     a,sp
019A 24FC       892            add     a,#0xfc
019C F581       893            mov     sp,a
019E            894   ;        main.c:182: Timer3us(10);
019E 75820A     895            mov     dpl,#0x0A
01A1 C002       896            push    ar2
01A3 C003       897            push    ar3
01A5 C004       898            push    ar4
01A7 C005       899            push    ar5
01A9 120000     900            lcall   _Timer3us
01AC D005       901            pop     ar5
01AE D004       902            pop     ar4
01B0 D003       903            pop     ar3
01B2 D002       904            pop     ar2
01B4 8000       905            sjmp    L007006?
01B6            906   L007008?:
01B6            907   ;        main.c:185: printf("\r%.2f ms", counterMS/100);
01B6 E4         908            clr     a
01B7 C0E0       909            push    acc
01B9 C0E0       910            push    acc
01BB 74C8       911            mov     a,#0xC8
01BD C0E0       912            push    acc
01BF 7442       913            mov     a,#0x42
01C1 C0E0       914            push    acc
01C3 8A82       915            mov     dpl,r2
01C5 8B83       916            mov     dph,r3
01C7 8CF0       917            mov     b,r4
01C9 ED         918            mov     a,r5
01CA 120000     919            lcall   ___fsdiv
01CD AA82       920            mov     r2,dpl
01CF AB83       921            mov     r3,dph
01D1 ACF0       922            mov     r4,b
01D3 FD         923            mov     r5,a
01D4 E581       924            mov     a,sp
01D6 24FC       925            add     a,#0xfc
01D8 F581       926            mov     sp,a
01DA C002       927            push    ar2
01DC C003       928            push    ar3
01DE C004       929            push    ar4
01E0 C005       930            push    ar5
01E2 7488       931            mov     a,#__str_1
01E4 C0E0       932            push    acc
01E6 74BA       933            mov     a,#(__str_1 >> 8)
01E8 C0E0       934            push    acc
01EA 7480       935            mov     a,#0x80
01EC C0E0       936            push    acc
01EE 120000     937            lcall   _printf
01F1 E581       938            mov     a,sp
01F3 24F9       939            add     a,#0xf9
01F5 F581       940            mov     sp,a
01F7 020000     941            ljmp    L007012?
01FA            942            rseg R_CSEG
01FA            943   
0000            944            rseg R_XINIT
0000            945   
0000            946            rseg R_CONST
0000            947   __str_0:
0000 1B         948            db 0x1B
0001 5B324A     949            db '[2J'
0004 00         950            db 0x00
0005            951   __str_1:
0005 0D         952            db 0x0D
0006 252E3266   953            db '%.2f ms'
     206D73
000D 00         954            db 0x00
000E            955   
000E            956            CSEG
000E            957   
000E            958   end
